/home/lucas/UNB/trabalho2-tp1/source/entities.cpp:428: warning: argument 'Data' of command @param is not found in the argument list of Aplicacao::Aplicacao(string codigo, float valor, string data)
/home/lucas/UNB/trabalho2-tp1/headers/entities.h:120: warning: The following parameter of Aplicacao::Aplicacao(string codigo, float valor, string data) is not documented:
  parameter 'data'
/home/lucas/UNB/trabalho2-tp1/source/entities.cpp:133: warning: Found unknown command '@mat'
/home/lucas/UNB/trabalho2-tp1/source/entities.cpp:176: warning: argument 'banco' of command @param is not found in the argument list of Conta::setAgencia(string agencia)
/home/lucas/UNB/trabalho2-tp1/headers/entities.h:61: warning: The following parameter of Conta::setAgencia(string agencia) is not documented:
  parameter 'agencia'
/home/lucas/UNB/trabalho2-tp1/source/entities.cpp:195: warning: argument 'banco' of command @param is not found in the argument list of Conta::setNumero(string numero)
/home/lucas/UNB/trabalho2-tp1/headers/entities.h:63: warning: The following parameter of Conta::setNumero(string numero) is not documented:
  parameter 'numero'
/home/lucas/UNB/trabalho2-tp1/source/domains.cpp:171: warning: argument 'Number' of command @param is not found in the argument list of Cpf::Cpf(string cpfNumber)
/home/lucas/UNB/trabalho2-tp1/headers/domains.h:57: warning: The following parameter of Cpf::Cpf(string cpfNumber) is not documented:
  parameter 'cpfNumber'
/home/lucas/UNB/trabalho2-tp1/source/domains.cpp:307: warning: argument 'hora' of command @param is not found in the argument list of Horario::Horario(string horario)
/home/lucas/UNB/trabalho2-tp1/headers/domains.h:85: warning: The following parameter of Horario::Horario(string horario) is not documented:
  parameter 'horario'
/home/lucas/UNB/trabalho2-tp1/source/domains.cpp:368: warning: argument 'hora' of command @param is not found in the argument list of NumeroDeConta::NumeroDeConta(string numero)
/home/lucas/UNB/trabalho2-tp1/headers/domains.h:99: warning: The following parameter of NumeroDeConta::NumeroDeConta(string numero) is not documented:
  parameter 'numero'
/home/lucas/UNB/trabalho2-tp1/source/entities.cpp:391: warning: argument 'horário' of command @param is not found in the argument list of Produto::setHorario(string horario)
/home/lucas/UNB/trabalho2-tp1/headers/entities.h:105: warning: The following parameter of Produto::setHorario(string horario) is not documented:
  parameter 'horario'
/home/lucas/UNB/trabalho2-tp1/source/entities.cpp:78: warning: argument 'endereco' of command @param is not found in the argument list of Usuario::setCep(int cep)
/home/lucas/UNB/trabalho2-tp1/headers/entities.h:33: warning: The following parameter of Usuario::setCep(int cep) is not documented:
  parameter 'cep'
/home/lucas/UNB/trabalho2-tp1/source/entities.cpp:97: warning: argument 'endereco' of command @param is not found in the argument list of Usuario::setCpf(string cpf)
/home/lucas/UNB/trabalho2-tp1/headers/entities.h:35: warning: The following parameter of Usuario::setCpf(string cpf) is not documented:
  parameter 'cpf'
